<?xml version="1.0" encoding="UTF-8" ?>
<testsuite tests="13" failures="0" name="com.upgrade.ui.automation.runners.E2ETest" time="0.151" errors="2" skipped="7">
  <properties>
[...]
</properties>
  <testcase classname="Scenario: Validate loan, apr, term for the customer" name="Given User is on personal loans page" time="0.004"/>
  <testcase classname="Scenario: Validate loan, apr, term for the customer" name="When I enter any amount" time="0"/>
  <testcase classname="Scenario: Validate loan, apr, term for the customer" name="And I select loan purpose" time="0"/>
  <testcase classname="Scenario: Validate loan, apr, term for the customer" name="Then I click on Check Rate button" time="0.002"/>
  <testcase classname="Scenario: Validate loan, apr, term for the customer" name="When I enter personal details information" time="0.007">
    <error message="target frame detached
  (failed to check if window was closed: disconnected: unable to send message to renderer)
  (Session info: chrome=107.0.5304.89)
Build info: version: &apos;4.6.0&apos;, revision: &apos;79f1c02ae20&apos;
System info: os.name: &apos;Windows 10&apos;, os.arch: &apos;amd64&apos;, os.version: &apos;10.0&apos;, java.version: &apos;15.0.1&apos;
Driver info: org.openqa.selenium.chrome.ChromeDriver
Command: [12d38214c8b4a4fef67ec7ade575d9d8, findElement {using=name, value=borrowerFirstName}]
Capabilities {acceptInsecureCerts: false, browserName: chrome, browserVersion: 107.0.5304.89, chrome: {chromedriverVersion: 106.0.5249.61 (511755355844..., userDataDir: C:\Users\Mahfuz\AppData\Loc...}, goog:chromeOptions: {debuggerAddress: localhost:54542}, networkConnectionEnabled: false, pageLoadStrategy: normal, platformName: WINDOWS, proxy: Proxy(), se:cdp: ws://localhost:54542/devtoo..., se:cdpVersion: 107.0.5304.89, setWindowRect: true, strictFileInteractability: false, timeouts: {implicit: 0, pageLoad: 300000, script: 30000}, unhandledPromptBehavior: dismiss and notify, webauthn:extension:credBlob: true, webauthn:extension:largeBlob: true, webauthn:virtualAuthenticators: true}
Session ID: 12d38214c8b4a4fef67ec7ade575d9d8" type="org.openqa.selenium.WebDriverException">org.openqa.selenium.WebDriverException: target frame detached
  (failed to check if window was closed: disconnected: unable to send message to renderer)
  (Session info: chrome=107.0.5304.89)
Build info: version: &apos;4.6.0&apos;, revision: &apos;79f1c02ae20&apos;
System info: os.name: &apos;Windows 10&apos;, os.arch: &apos;amd64&apos;, os.version: &apos;10.0&apos;, java.version: &apos;15.0.1&apos;
Driver info: org.openqa.selenium.chrome.ChromeDriver
Command: [12d38214c8b4a4fef67ec7ade575d9d8, findElement {using=name, value=borrowerFirstName}]
Capabilities {acceptInsecureCerts: false, browserName: chrome, browserVersion: 107.0.5304.89, chrome: {chromedriverVersion: 106.0.5249.61 (511755355844..., userDataDir: C:\Users\Mahfuz\AppData\Loc...}, goog:chromeOptions: {debuggerAddress: localhost:54542}, networkConnectionEnabled: false, pageLoadStrategy: normal, platformName: WINDOWS, proxy: Proxy(), se:cdp: ws://localhost:54542/devtoo..., se:cdpVersion: 107.0.5304.89, setWindowRect: true, strictFileInteractability: false, timeouts: {implicit: 0, pageLoad: 300000, script: 30000}, unhandledPromptBehavior: dismiss and notify, webauthn:extension:credBlob: true, webauthn:extension:largeBlob: true, webauthn:virtualAuthenticators: true}
Session ID: 12d38214c8b4a4fef67ec7ade575d9d8
	at java.base/jdk.internal.reflect.NativeConstructorAccessorImpl.newInstance0(Native Method)
	at java.base/jdk.internal.reflect.NativeConstructorAccessorImpl.newInstance(NativeConstructorAccessorImpl.java:64)
	at java.base/jdk.internal.reflect.DelegatingConstructorAccessorImpl.newInstance(DelegatingConstructorAccessorImpl.java:45)
	at java.base/java.lang.reflect.Constructor.newInstanceWithCaller(Constructor.java:500)
	at java.base/java.lang.reflect.Constructor.newInstance(Constructor.java:481)
	at org.openqa.selenium.remote.codec.w3c.W3CHttpResponseCodec.createException(W3CHttpResponseCodec.java:200)
	at org.openqa.selenium.remote.codec.w3c.W3CHttpResponseCodec.decode(W3CHttpResponseCodec.java:133)
	at org.openqa.selenium.remote.codec.w3c.W3CHttpResponseCodec.decode(W3CHttpResponseCodec.java:53)
	at org.openqa.selenium.remote.HttpCommandExecutor.execute(HttpCommandExecutor.java:184)
	at org.openqa.selenium.remote.service.DriverCommandExecutor.invokeExecute(DriverCommandExecutor.java:167)
	at org.openqa.selenium.remote.service.DriverCommandExecutor.execute(DriverCommandExecutor.java:142)
	at org.openqa.selenium.remote.RemoteWebDriver.execute(RemoteWebDriver.java:541)
	at org.openqa.selenium.remote.ElementLocation$ElementFinder$2.findElement(ElementLocation.java:162)
	at org.openqa.selenium.remote.ElementLocation.findElement(ElementLocation.java:60)
	at org.openqa.selenium.remote.RemoteWebDriver.findElement(RemoteWebDriver.java:365)
	at org.openqa.selenium.remote.RemoteWebDriver.findElement(RemoteWebDriver.java:357)
	at org.openqa.selenium.support.pagefactory.DefaultElementLocator.findElement(DefaultElementLocator.java:70)
	at org.openqa.selenium.support.pagefactory.internal.LocatingElementHandler.invoke(LocatingElementHandler.java:39)
	at com.sun.proxy.$Proxy21.sendKeys(Unknown Source)
	at com.upgrade.ui.automation.pages.CheckRate.enterFirstName(CheckRate.java:102)
	at com.upgrade.ui.automation.steps.PersonalLoans.i_enter_first_name_and_last_name(PersonalLoans.java:52)
	at ✽.When I enter personal details information(PersonalLoans.feature:9)
</error>
  </testcase>
  <testcase classname="Scenario: Validate loan, apr, term for the customer" name="Scenario: Validate loan, apr, term for the customer" time="0.01">
    <error message="target frame detached
  (failed to check if window was closed: disconnected: unable to send message to renderer)
  (Session info: chrome=107.0.5304.89)
Build info: version: &apos;4.6.0&apos;, revision: &apos;79f1c02ae20&apos;
System info: os.name: &apos;Windows 10&apos;, os.arch: &apos;amd64&apos;, os.version: &apos;10.0&apos;, java.version: &apos;15.0.1&apos;
Driver info: org.openqa.selenium.chrome.ChromeDriver
Command: [12d38214c8b4a4fef67ec7ade575d9d8, findElement {using=name, value=borrowerFirstName}]
Capabilities {acceptInsecureCerts: false, browserName: chrome, browserVersion: 107.0.5304.89, chrome: {chromedriverVersion: 106.0.5249.61 (511755355844..., userDataDir: C:\Users\Mahfuz\AppData\Loc...}, goog:chromeOptions: {debuggerAddress: localhost:54542}, networkConnectionEnabled: false, pageLoadStrategy: normal, platformName: WINDOWS, proxy: Proxy(), se:cdp: ws://localhost:54542/devtoo..., se:cdpVersion: 107.0.5304.89, setWindowRect: true, strictFileInteractability: false, timeouts: {implicit: 0, pageLoad: 300000, script: 30000}, unhandledPromptBehavior: dismiss and notify, webauthn:extension:credBlob: true, webauthn:extension:largeBlob: true, webauthn:virtualAuthenticators: true}
Session ID: 12d38214c8b4a4fef67ec7ade575d9d8" type="org.openqa.selenium.WebDriverException">org.openqa.selenium.WebDriverException: target frame detached
  (failed to check if window was closed: disconnected: unable to send message to renderer)
  (Session info: chrome=107.0.5304.89)
Build info: version: &apos;4.6.0&apos;, revision: &apos;79f1c02ae20&apos;
System info: os.name: &apos;Windows 10&apos;, os.arch: &apos;amd64&apos;, os.version: &apos;10.0&apos;, java.version: &apos;15.0.1&apos;
Driver info: org.openqa.selenium.chrome.ChromeDriver
Command: [12d38214c8b4a4fef67ec7ade575d9d8, findElement {using=name, value=borrowerFirstName}]
Capabilities {acceptInsecureCerts: false, browserName: chrome, browserVersion: 107.0.5304.89, chrome: {chromedriverVersion: 106.0.5249.61 (511755355844..., userDataDir: C:\Users\Mahfuz\AppData\Loc...}, goog:chromeOptions: {debuggerAddress: localhost:54542}, networkConnectionEnabled: false, pageLoadStrategy: normal, platformName: WINDOWS, proxy: Proxy(), se:cdp: ws://localhost:54542/devtoo..., se:cdpVersion: 107.0.5304.89, setWindowRect: true, strictFileInteractability: false, timeouts: {implicit: 0, pageLoad: 300000, script: 30000}, unhandledPromptBehavior: dismiss and notify, webauthn:extension:credBlob: true, webauthn:extension:largeBlob: true, webauthn:virtualAuthenticators: true}
Session ID: 12d38214c8b4a4fef67ec7ade575d9d8
	at java.base/jdk.internal.reflect.NativeConstructorAccessorImpl.newInstance0(Native Method)
	at java.base/jdk.internal.reflect.NativeConstructorAccessorImpl.newInstance(NativeConstructorAccessorImpl.java:64)
	at java.base/jdk.internal.reflect.DelegatingConstructorAccessorImpl.newInstance(DelegatingConstructorAccessorImpl.java:45)
	at java.base/java.lang.reflect.Constructor.newInstanceWithCaller(Constructor.java:500)
	at java.base/java.lang.reflect.Constructor.newInstance(Constructor.java:481)
	at org.openqa.selenium.remote.codec.w3c.W3CHttpResponseCodec.createException(W3CHttpResponseCodec.java:200)
	at org.openqa.selenium.remote.codec.w3c.W3CHttpResponseCodec.decode(W3CHttpResponseCodec.java:133)
	at org.openqa.selenium.remote.codec.w3c.W3CHttpResponseCodec.decode(W3CHttpResponseCodec.java:53)
	at org.openqa.selenium.remote.HttpCommandExecutor.execute(HttpCommandExecutor.java:184)
	at org.openqa.selenium.remote.service.DriverCommandExecutor.invokeExecute(DriverCommandExecutor.java:167)
	at org.openqa.selenium.remote.service.DriverCommandExecutor.execute(DriverCommandExecutor.java:142)
	at org.openqa.selenium.remote.RemoteWebDriver.execute(RemoteWebDriver.java:541)
	at org.openqa.selenium.remote.ElementLocation$ElementFinder$2.findElement(ElementLocation.java:162)
	at org.openqa.selenium.remote.ElementLocation.findElement(ElementLocation.java:60)
	at org.openqa.selenium.remote.RemoteWebDriver.findElement(RemoteWebDriver.java:365)
	at org.openqa.selenium.remote.RemoteWebDriver.findElement(RemoteWebDriver.java:357)
	at org.openqa.selenium.support.pagefactory.DefaultElementLocator.findElement(DefaultElementLocator.java:70)
	at org.openqa.selenium.support.pagefactory.internal.LocatingElementHandler.invoke(LocatingElementHandler.java:39)
	at com.sun.proxy.$Proxy21.sendKeys(Unknown Source)
	at com.upgrade.ui.automation.pages.CheckRate.enterFirstName(CheckRate.java:102)
	at com.upgrade.ui.automation.steps.PersonalLoans.i_enter_first_name_and_last_name(PersonalLoans.java:52)
	at ✽.When I enter personal details information(PersonalLoans.feature:9)
</error>
  </testcase>
  <testcase classname="Scenario: Validate loan, apr, term for the customer" name="And I click on Continue button" time="0.016">
    <skipped/>
  </testcase>
  <testcase classname="Scenario: Validate loan, apr, term for the customer" name="When I add borrower income and additional income" time="0.017">
    <skipped/>
  </testcase>
  <testcase classname="Scenario: Validate loan, apr, term for the customer" name="And I click Continue button" time="0.017">
    <skipped/>
  </testcase>
  <testcase classname="Scenario: Validate loan, apr, term for the customer" name="When I enter user credentials and submit" time="0.019">
    <skipped/>
  </testcase>
  <testcase classname="Scenario: Validate loan, apr, term for the customer" name="When I Sign out the application" time="0.019">
    <skipped/>
  </testcase>
  <testcase classname="Scenario: Validate loan, apr, term for the customer" name="When I Login to the application" time="0.02">
    <skipped/>
  </testcase>
  <testcase classname="Scenario: Validate loan, apr, term for the customer" name="Then I validate loans information" time="0.02">
    <skipped/>
  </testcase>
</testsuite>